[2.470s] Invoking command in '/home/haritha/ros2_humble_ws/build/mobile_robot_description': PYTHONPATH=/home/haritha/ros2_humble_ws/build/mobile_robot_description/prefix_override:/usr/lib/python3/dist-packages/colcon_core/task/python/colcon_distutils_commands:/home/haritha/ros2_humble_ws/install/mobile_robot_description/lib/python3.10/site-packages:${PYTHONPATH} /usr/bin/python3 -W ignore:setup.py install is deprecated -W ignore:easy_install command is deprecated setup.py develop --uninstall --editable --build-directory /home/haritha/ros2_humble_ws/build/mobile_robot_description/build
[3.301s] running develop
[3.872s] Removing /home/haritha/ros2_humble_ws/install/mobile_robot_description/lib/python3.10/site-packages/mobile-robot-description.egg-link (link to .)
[3.938s] Invoked command in '/home/haritha/ros2_humble_ws/build/mobile_robot_description' returned '0': PYTHONPATH=/home/haritha/ros2_humble_ws/build/mobile_robot_description/prefix_override:/usr/lib/python3/dist-packages/colcon_core/task/python/colcon_distutils_commands:/home/haritha/ros2_humble_ws/install/mobile_robot_description/lib/python3.10/site-packages:${PYTHONPATH} /usr/bin/python3 -W ignore:setup.py install is deprecated -W ignore:easy_install command is deprecated setup.py develop --uninstall --editable --build-directory /home/haritha/ros2_humble_ws/build/mobile_robot_description/build
[3.942s] Invoking command in '/home/haritha/ros2_humble_ws/src/mobile_robot_description': PYTHONPATH=/home/haritha/ros2_humble_ws/build/mobile_robot_description/prefix_override:/usr/lib/python3/dist-packages/colcon_core/task/python/colcon_distutils_commands:/home/haritha/ros2_humble_ws/install/mobile_robot_description/lib/python3.10/site-packages:${PYTHONPATH} /usr/bin/python3 -W ignore:setup.py install is deprecated -W ignore:easy_install command is deprecated setup.py egg_info --egg-base ../../build/mobile_robot_description build --build-base /home/haritha/ros2_humble_ws/build/mobile_robot_description/build install --record /home/haritha/ros2_humble_ws/build/mobile_robot_description/install.log --single-version-externally-managed install_data --force
[4.878s] running egg_info
[4.880s] writing ../../build/mobile_robot_description/mobile_robot_description.egg-info/PKG-INFO
[4.880s] writing dependency_links to ../../build/mobile_robot_description/mobile_robot_description.egg-info/dependency_links.txt
[4.881s] writing requirements to ../../build/mobile_robot_description/mobile_robot_description.egg-info/requires.txt
[4.881s] writing top-level names to ../../build/mobile_robot_description/mobile_robot_description.egg-info/top_level.txt
[4.883s] reading manifest file '../../build/mobile_robot_description/mobile_robot_description.egg-info/SOURCES.txt'
[4.885s] writing manifest file '../../build/mobile_robot_description/mobile_robot_description.egg-info/SOURCES.txt'
[4.885s] running build
[4.885s] running install
[4.886s] running install_data
[4.886s] copying package.xml -> /home/haritha/ros2_humble_ws/install/mobile_robot_description/share/mobile_robot_description
[4.886s] copying launch/spawn_robot.launch.py -> /home/haritha/ros2_humble_ws/install/mobile_robot_description/share/mobile_robot_description/launch
[4.886s] copying launch/display.launch.py -> /home/haritha/ros2_humble_ws/install/mobile_robot_description/share/mobile_robot_description/launch
[4.887s] copying launch/gazebo.launch.py -> /home/haritha/ros2_humble_ws/install/mobile_robot_description/share/mobile_robot_description/launch
[4.887s] copying urdf/mobile_base.urdf.xacro -> /home/haritha/ros2_humble_ws/install/mobile_robot_description/share/mobile_robot_description/urdf
[4.888s] running install_egg_info
[4.897s] Copying ../../build/mobile_robot_description/mobile_robot_description.egg-info to /home/haritha/ros2_humble_ws/install/mobile_robot_description/lib/python3.10/site-packages/mobile_robot_description-0.0.1-py3.10.egg-info
[4.898s] running install_scripts
[4.955s] writing list of installed files to '/home/haritha/ros2_humble_ws/build/mobile_robot_description/install.log'
[5.016s] Invoked command in '/home/haritha/ros2_humble_ws/src/mobile_robot_description' returned '0': PYTHONPATH=/home/haritha/ros2_humble_ws/build/mobile_robot_description/prefix_override:/usr/lib/python3/dist-packages/colcon_core/task/python/colcon_distutils_commands:/home/haritha/ros2_humble_ws/install/mobile_robot_description/lib/python3.10/site-packages:${PYTHONPATH} /usr/bin/python3 -W ignore:setup.py install is deprecated -W ignore:easy_install command is deprecated setup.py egg_info --egg-base ../../build/mobile_robot_description build --build-base /home/haritha/ros2_humble_ws/build/mobile_robot_description/build install --record /home/haritha/ros2_humble_ws/build/mobile_robot_description/install.log --single-version-externally-managed install_data --force
