running egg_info
creating ../../build/mobile_robot_description/mobile_robot_description.egg-info
writing ../../build/mobile_robot_description/mobile_robot_description.egg-info/PKG-INFO
writing dependency_links to ../../build/mobile_robot_description/mobile_robot_description.egg-info/dependency_links.txt
writing entry points to ../../build/mobile_robot_description/mobile_robot_description.egg-info/entry_points.txt
writing requirements to ../../build/mobile_robot_description/mobile_robot_description.egg-info/requires.txt
writing top-level names to ../../build/mobile_robot_description/mobile_robot_description.egg-info/top_level.txt
writing manifest file '../../build/mobile_robot_description/mobile_robot_description.egg-info/SOURCES.txt'
reading manifest file '../../build/mobile_robot_description/mobile_robot_description.egg-info/SOURCES.txt'
writing manifest file '../../build/mobile_robot_description/mobile_robot_description.egg-info/SOURCES.txt'
running build
running build_py
creating /home/haritha/ros2_humble_ws/build/mobile_robot_description/build
creating /home/haritha/ros2_humble_ws/build/mobile_robot_description/build/lib
creating /home/haritha/ros2_humble_ws/build/mobile_robot_description/build/lib/mobile_robot_description
copying mobile_robot_description/__init__.py -> /home/haritha/ros2_humble_ws/build/mobile_robot_description/build/lib/mobile_robot_description
running install
running install_lib
creating /home/haritha/ros2_humble_ws/install/mobile_robot_description/lib/python3.10/site-packages/mobile_robot_description
copying /home/haritha/ros2_humble_ws/build/mobile_robot_description/build/lib/mobile_robot_description/__init__.py -> /home/haritha/ros2_humble_ws/install/mobile_robot_description/lib/python3.10/site-packages/mobile_robot_description
byte-compiling /home/haritha/ros2_humble_ws/install/mobile_robot_description/lib/python3.10/site-packages/mobile_robot_description/__init__.py to __init__.cpython-310.pyc
running install_data
creating /home/haritha/ros2_humble_ws/install/mobile_robot_description/share/ament_index
creating /home/haritha/ros2_humble_ws/install/mobile_robot_description/share/ament_index/resource_index
creating /home/haritha/ros2_humble_ws/install/mobile_robot_description/share/ament_index/resource_index/packages
copying resource/mobile_robot_description -> /home/haritha/ros2_humble_ws/install/mobile_robot_description/share/ament_index/resource_index/packages
copying package.xml -> /home/haritha/ros2_humble_ws/install/mobile_robot_description/share/mobile_robot_description
running install_egg_info
Copying ../../build/mobile_robot_description/mobile_robot_description.egg-info to /home/haritha/ros2_humble_ws/install/mobile_robot_description/lib/python3.10/site-packages/mobile_robot_description-0.0.0-py3.10.egg-info
running install_scripts
writing list of installed files to '/home/haritha/ros2_humble_ws/build/mobile_robot_description/install.log'
