[0.946s] Invoking command in '/home/haritha/ros2_humble_ws/src/mobile_robot_description': PYTHONPATH=/home/haritha/ros2_humble_ws/build/mobile_robot_description/prefix_override:/usr/lib/python3/dist-packages/colcon_core/task/python/colcon_distutils_commands:/home/haritha/ros2_humble_ws/install/mobile_robot_description/lib/python3.10/site-packages:${PYTHONPATH} /usr/bin/python3 -W ignore:setup.py install is deprecated -W ignore:easy_install command is deprecated setup.py egg_info --egg-base ../../build/mobile_robot_description build --build-base /home/haritha/ros2_humble_ws/build/mobile_robot_description/build install --record /home/haritha/ros2_humble_ws/build/mobile_robot_description/install.log --single-version-externally-managed install_data
[1.253s] running egg_info
[1.253s] creating ../../build/mobile_robot_description/mobile_robot_description.egg-info
[1.254s] writing ../../build/mobile_robot_description/mobile_robot_description.egg-info/PKG-INFO
[1.254s] writing dependency_links to ../../build/mobile_robot_description/mobile_robot_description.egg-info/dependency_links.txt
[1.254s] writing entry points to ../../build/mobile_robot_description/mobile_robot_description.egg-info/entry_points.txt
[1.254s] writing requirements to ../../build/mobile_robot_description/mobile_robot_description.egg-info/requires.txt
[1.254s] writing top-level names to ../../build/mobile_robot_description/mobile_robot_description.egg-info/top_level.txt
[1.254s] writing manifest file '../../build/mobile_robot_description/mobile_robot_description.egg-info/SOURCES.txt'
[1.256s] reading manifest file '../../build/mobile_robot_description/mobile_robot_description.egg-info/SOURCES.txt'
[1.257s] writing manifest file '../../build/mobile_robot_description/mobile_robot_description.egg-info/SOURCES.txt'
[1.257s] running build
[1.257s] running build_py
[1.258s] creating /home/haritha/ros2_humble_ws/build/mobile_robot_description/build
[1.258s] creating /home/haritha/ros2_humble_ws/build/mobile_robot_description/build/lib
[1.258s] creating /home/haritha/ros2_humble_ws/build/mobile_robot_description/build/lib/mobile_robot_description
[1.258s] copying mobile_robot_description/__init__.py -> /home/haritha/ros2_humble_ws/build/mobile_robot_description/build/lib/mobile_robot_description
[1.258s] running install
[1.258s] running install_lib
[1.259s] creating /home/haritha/ros2_humble_ws/install/mobile_robot_description/lib/python3.10/site-packages/mobile_robot_description
[1.259s] copying /home/haritha/ros2_humble_ws/build/mobile_robot_description/build/lib/mobile_robot_description/__init__.py -> /home/haritha/ros2_humble_ws/install/mobile_robot_description/lib/python3.10/site-packages/mobile_robot_description
[1.260s] byte-compiling /home/haritha/ros2_humble_ws/install/mobile_robot_description/lib/python3.10/site-packages/mobile_robot_description/__init__.py to __init__.cpython-310.pyc
[1.260s] running install_data
[1.260s] creating /home/haritha/ros2_humble_ws/install/mobile_robot_description/share/ament_index
[1.260s] creating /home/haritha/ros2_humble_ws/install/mobile_robot_description/share/ament_index/resource_index
[1.260s] creating /home/haritha/ros2_humble_ws/install/mobile_robot_description/share/ament_index/resource_index/packages
[1.260s] copying resource/mobile_robot_description -> /home/haritha/ros2_humble_ws/install/mobile_robot_description/share/ament_index/resource_index/packages
[1.260s] copying package.xml -> /home/haritha/ros2_humble_ws/install/mobile_robot_description/share/mobile_robot_description
[1.261s] running install_egg_info
[1.263s] Copying ../../build/mobile_robot_description/mobile_robot_description.egg-info to /home/haritha/ros2_humble_ws/install/mobile_robot_description/lib/python3.10/site-packages/mobile_robot_description-0.0.0-py3.10.egg-info
[1.264s] running install_scripts
[1.286s] writing list of installed files to '/home/haritha/ros2_humble_ws/build/mobile_robot_description/install.log'
[1.315s] Invoked command in '/home/haritha/ros2_humble_ws/src/mobile_robot_description' returned '0': PYTHONPATH=/home/haritha/ros2_humble_ws/build/mobile_robot_description/prefix_override:/usr/lib/python3/dist-packages/colcon_core/task/python/colcon_distutils_commands:/home/haritha/ros2_humble_ws/install/mobile_robot_description/lib/python3.10/site-packages:${PYTHONPATH} /usr/bin/python3 -W ignore:setup.py install is deprecated -W ignore:easy_install command is deprecated setup.py egg_info --egg-base ../../build/mobile_robot_description build --build-base /home/haritha/ros2_humble_ws/build/mobile_robot_description/build install --record /home/haritha/ros2_humble_ws/build/mobile_robot_description/install.log --single-version-externally-managed install_data
