[1.875s] Invoking command in '/home/haritha/ros2_humble_ws/build/mobile_robot_description': PYTHONPATH=/home/haritha/ros2_humble_ws/build/mobile_robot_description/prefix_override:/usr/lib/python3/dist-packages/colcon_core/task/python/colcon_distutils_commands:/home/haritha/ros2_humble_ws/install/mobile_robot_description/lib/python3.10/site-packages:${PYTHONPATH} /usr/bin/python3 -W ignore:setup.py install is deprecated -W ignore:easy_install command is deprecated setup.py develop --editable --build-directory /home/haritha/ros2_humble_ws/build/mobile_robot_description/build --no-deps symlink_data --force
[2.546s] running develop
[3.015s] running egg_info
[3.015s] writing mobile_robot_description.egg-info/PKG-INFO
[3.016s] writing dependency_links to mobile_robot_description.egg-info/dependency_links.txt
[3.017s] writing requirements to mobile_robot_description.egg-info/requires.txt
[3.017s] writing top-level names to mobile_robot_description.egg-info/top_level.txt
[3.020s] reading manifest file 'mobile_robot_description.egg-info/SOURCES.txt'
[3.024s] writing manifest file 'mobile_robot_description.egg-info/SOURCES.txt'
[3.029s] running build_ext
[3.031s] Creating /home/haritha/ros2_humble_ws/install/mobile_robot_description/lib/python3.10/site-packages/mobile-robot-description.egg-link (link to .)
[3.033s] 
[3.033s] Installed /home/haritha/ros2_humble_ws/build/mobile_robot_description
[3.033s] running symlink_data
[3.033s] symbolically linking /home/haritha/ros2_humble_ws/build/mobile_robot_description/package.xml -> /home/haritha/ros2_humble_ws/install/mobile_robot_description/share/mobile_robot_description
[3.034s] symbolically linking /home/haritha/ros2_humble_ws/build/mobile_robot_description/launch/spawn_robot.launch.py -> /home/haritha/ros2_humble_ws/install/mobile_robot_description/share/mobile_robot_description/launch
[3.034s] symbolically linking /home/haritha/ros2_humble_ws/build/mobile_robot_description/launch/display.launch.py -> /home/haritha/ros2_humble_ws/install/mobile_robot_description/share/mobile_robot_description/launch
[3.034s] symbolically linking /home/haritha/ros2_humble_ws/build/mobile_robot_description/launch/gazebo.launch.py -> /home/haritha/ros2_humble_ws/install/mobile_robot_description/share/mobile_robot_description/launch
[3.035s] symbolically linking /home/haritha/ros2_humble_ws/build/mobile_robot_description/urdf/mobile_base.urdf.xacro -> /home/haritha/ros2_humble_ws/install/mobile_robot_description/share/mobile_robot_description/urdf
[3.128s] Invoked command in '/home/haritha/ros2_humble_ws/build/mobile_robot_description' returned '0': PYTHONPATH=/home/haritha/ros2_humble_ws/build/mobile_robot_description/prefix_override:/usr/lib/python3/dist-packages/colcon_core/task/python/colcon_distutils_commands:/home/haritha/ros2_humble_ws/install/mobile_robot_description/lib/python3.10/site-packages:${PYTHONPATH} /usr/bin/python3 -W ignore:setup.py install is deprecated -W ignore:easy_install command is deprecated setup.py develop --editable --build-directory /home/haritha/ros2_humble_ws/build/mobile_robot_description/build --no-deps symlink_data --force
