[0.137s] DEBUG:colcon:Command line arguments: ['/usr/bin/colcon', 'build']
[0.137s] DEBUG:colcon:Parsed command line arguments: Namespace(log_base=None, log_level=None, verb_name='build', build_base='build', install_base='install', merge_install=False, symlink_install=False, test_result_base=None, continue_on_error=False, executor='parallel', parallel_workers=8, event_handlers=None, ignore_user_meta=False, metas=['./colcon.meta'], base_paths=['.'], packages_ignore=None, packages_ignore_regex=None, paths=None, packages_up_to=None, packages_up_to_regex=None, packages_above=None, packages_above_and_dependencies=None, packages_above_depth=None, packages_select_by_dep=None, packages_skip_by_dep=None, packages_skip_up_to=None, packages_select_build_failed=False, packages_skip_build_finished=False, packages_select_test_failures=False, packages_skip_test_passed=False, packages_select=None, packages_skip=None, packages_select_regex=None, packages_skip_regex=None, packages_start=None, packages_end=None, allow_overriding=[], cmake_args=None, cmake_target=None, cmake_target_skip_unavailable=False, cmake_clean_cache=False, cmake_clean_first=False, cmake_force_configure=False, ament_cmake_args=None, catkin_cmake_args=None, catkin_skip_building_tests=False, mixin_files=None, mixin=None, verb_parser=<colcon_mixin.mixin.mixin_argument.MixinArgumentDecorator object at 0x7ed978465e40>, verb_extension=<colcon_core.verb.build.BuildVerb object at 0x7ed978465900>, main=<bound method BuildVerb.main of <colcon_core.verb.build.BuildVerb object at 0x7ed978465900>>, mixin_verb=('build',))
[0.345s] Level 1:colcon.colcon_core.package_discovery:discover_packages(colcon_meta) check parameters
[0.345s] Level 1:colcon.colcon_core.package_discovery:discover_packages(recursive) check parameters
[0.345s] Level 1:colcon.colcon_core.package_discovery:discover_packages(ignore) check parameters
[0.345s] Level 1:colcon.colcon_core.package_discovery:discover_packages(path) check parameters
[0.345s] Level 1:colcon.colcon_core.package_discovery:discover_packages(colcon_meta) discover
[0.345s] Level 1:colcon.colcon_core.package_discovery:discover_packages(recursive) discover
[0.345s] INFO:colcon.colcon_core.package_discovery:Crawling recursively for packages in '/home/haritha/ros2_humble_ws'
[0.345s] Level 1:colcon.colcon_core.package_identification:_identify(.) by extensions ['ignore', 'ignore_ament_install']
[0.345s] Level 1:colcon.colcon_core.package_identification:_identify(.) by extension 'ignore'
[0.346s] Level 1:colcon.colcon_core.package_identification:_identify(.) by extension 'ignore_ament_install'
[0.346s] Level 1:colcon.colcon_core.package_identification:_identify(.) by extensions ['colcon_pkg']
[0.346s] Level 1:colcon.colcon_core.package_identification:_identify(.) by extension 'colcon_pkg'
[0.346s] Level 1:colcon.colcon_core.package_identification:_identify(.) by extensions ['colcon_meta']
[0.346s] Level 1:colcon.colcon_core.package_identification:_identify(.) by extension 'colcon_meta'
[0.346s] Level 1:colcon.colcon_core.package_identification:_identify(.) by extensions ['ros']
[0.346s] Level 1:colcon.colcon_core.package_identification:_identify(.) by extension 'ros'
[0.359s] Level 1:colcon.colcon_core.package_identification:_identify(.) by extensions ['cmake', 'python']
[0.359s] Level 1:colcon.colcon_core.package_identification:_identify(.) by extension 'cmake'
[0.359s] Level 1:colcon.colcon_core.package_identification:_identify(.) by extension 'python'
[0.359s] Level 1:colcon.colcon_core.package_identification:_identify(.) by extensions ['python_setup_py']
[0.359s] Level 1:colcon.colcon_core.package_identification:_identify(.) by extension 'python_setup_py'
[0.360s] Level 1:colcon.colcon_core.package_identification:_identify(build) by extensions ['ignore', 'ignore_ament_install']
[0.360s] Level 1:colcon.colcon_core.package_identification:_identify(build) by extension 'ignore'
[0.360s] Level 1:colcon.colcon_core.package_identification:_identify(build) ignored
[0.360s] Level 1:colcon.colcon_core.package_identification:_identify(install) by extensions ['ignore', 'ignore_ament_install']
[0.360s] Level 1:colcon.colcon_core.package_identification:_identify(install) by extension 'ignore'
[0.360s] Level 1:colcon.colcon_core.package_identification:_identify(install) ignored
[0.361s] Level 1:colcon.colcon_core.package_identification:_identify(log) by extensions ['ignore', 'ignore_ament_install']
[0.361s] Level 1:colcon.colcon_core.package_identification:_identify(log) by extension 'ignore'
[0.361s] Level 1:colcon.colcon_core.package_identification:_identify(log) ignored
[0.361s] Level 1:colcon.colcon_core.package_identification:_identify(src) by extensions ['ignore', 'ignore_ament_install']
[0.361s] Level 1:colcon.colcon_core.package_identification:_identify(src) by extension 'ignore'
[0.361s] Level 1:colcon.colcon_core.package_identification:_identify(src) by extension 'ignore_ament_install'
[0.362s] Level 1:colcon.colcon_core.package_identification:_identify(src) by extensions ['colcon_pkg']
[0.362s] Level 1:colcon.colcon_core.package_identification:_identify(src) by extension 'colcon_pkg'
[0.362s] Level 1:colcon.colcon_core.package_identification:_identify(src) by extensions ['colcon_meta']
[0.362s] Level 1:colcon.colcon_core.package_identification:_identify(src) by extension 'colcon_meta'
[0.362s] Level 1:colcon.colcon_core.package_identification:_identify(src) by extensions ['ros']
[0.362s] Level 1:colcon.colcon_core.package_identification:_identify(src) by extension 'ros'
[0.362s] Level 1:colcon.colcon_core.package_identification:_identify(src) by extensions ['cmake', 'python']
[0.362s] Level 1:colcon.colcon_core.package_identification:_identify(src) by extension 'cmake'
[0.362s] Level 1:colcon.colcon_core.package_identification:_identify(src) by extension 'python'
[0.362s] Level 1:colcon.colcon_core.package_identification:_identify(src) by extensions ['python_setup_py']
[0.362s] Level 1:colcon.colcon_core.package_identification:_identify(src) by extension 'python_setup_py'
[0.363s] Level 1:colcon.colcon_core.package_identification:_identify(src/mobile_robot_description) by extensions ['ignore', 'ignore_ament_install']
[0.363s] Level 1:colcon.colcon_core.package_identification:_identify(src/mobile_robot_description) by extension 'ignore'
[0.363s] Level 1:colcon.colcon_core.package_identification:_identify(src/mobile_robot_description) by extension 'ignore_ament_install'
[0.363s] Level 1:colcon.colcon_core.package_identification:_identify(src/mobile_robot_description) by extensions ['colcon_pkg']
[0.363s] Level 1:colcon.colcon_core.package_identification:_identify(src/mobile_robot_description) by extension 'colcon_pkg'
[0.363s] Level 1:colcon.colcon_core.package_identification:_identify(src/mobile_robot_description) by extensions ['colcon_meta']
[0.363s] Level 1:colcon.colcon_core.package_identification:_identify(src/mobile_robot_description) by extension 'colcon_meta'
[0.363s] Level 1:colcon.colcon_core.package_identification:_identify(src/mobile_robot_description) by extensions ['ros']
[0.363s] Level 1:colcon.colcon_core.package_identification:_identify(src/mobile_robot_description) by extension 'ros'
[0.366s] DEBUG:colcon.colcon_core.package_identification:Package 'src/mobile_robot_description' with type 'ros.ament_python' and name 'mobile_robot_description'
[0.366s] Level 1:colcon.colcon_core.package_discovery:discover_packages(recursive) using defaults
[0.366s] Level 1:colcon.colcon_core.package_discovery:discover_packages(ignore) discover
[0.367s] Level 1:colcon.colcon_core.package_discovery:discover_packages(ignore) using defaults
[0.367s] Level 1:colcon.colcon_core.package_discovery:discover_packages(path) discover
[0.367s] Level 1:colcon.colcon_core.package_discovery:discover_packages(path) using defaults
[0.401s] Level 1:colcon.colcon_core.package_discovery:discover_packages(prefix_path) check parameters
[0.402s] Level 1:colcon.colcon_core.package_discovery:discover_packages(prefix_path) discover
[0.404s] DEBUG:colcon.colcon_installed_package_information.package_discovery:Found 1 installed packages in /home/haritha/ros2_humble_ws/install
[0.406s] DEBUG:colcon.colcon_installed_package_information.package_discovery:Found 360 installed packages in /opt/ros/humble
[0.408s] Level 1:colcon.colcon_core.package_discovery:discover_packages(prefix_path) using defaults
[0.464s] Level 5:colcon.colcon_core.verb:set package 'mobile_robot_description' build argument 'cmake_args' from command line to 'None'
[0.464s] Level 5:colcon.colcon_core.verb:set package 'mobile_robot_description' build argument 'cmake_target' from command line to 'None'
[0.464s] Level 5:colcon.colcon_core.verb:set package 'mobile_robot_description' build argument 'cmake_target_skip_unavailable' from command line to 'False'
[0.464s] Level 5:colcon.colcon_core.verb:set package 'mobile_robot_description' build argument 'cmake_clean_cache' from command line to 'False'
[0.464s] Level 5:colcon.colcon_core.verb:set package 'mobile_robot_description' build argument 'cmake_clean_first' from command line to 'False'
[0.464s] Level 5:colcon.colcon_core.verb:set package 'mobile_robot_description' build argument 'cmake_force_configure' from command line to 'False'
[0.465s] Level 5:colcon.colcon_core.verb:set package 'mobile_robot_description' build argument 'ament_cmake_args' from command line to 'None'
[0.465s] Level 5:colcon.colcon_core.verb:set package 'mobile_robot_description' build argument 'catkin_cmake_args' from command line to 'None'
[0.465s] Level 5:colcon.colcon_core.verb:set package 'mobile_robot_description' build argument 'catkin_skip_building_tests' from command line to 'False'
[0.465s] DEBUG:colcon.colcon_core.verb:Building package 'mobile_robot_description' with the following arguments: {'ament_cmake_args': None, 'build_base': '/home/haritha/ros2_humble_ws/build/mobile_robot_description', 'catkin_cmake_args': None, 'catkin_skip_building_tests': False, 'cmake_args': None, 'cmake_clean_cache': False, 'cmake_clean_first': False, 'cmake_force_configure': False, 'cmake_target': None, 'cmake_target_skip_unavailable': False, 'install_base': '/home/haritha/ros2_humble_ws/install/mobile_robot_description', 'merge_install': False, 'path': '/home/haritha/ros2_humble_ws/src/mobile_robot_description', 'symlink_install': False, 'test_result_base': None}
[0.465s] INFO:colcon.colcon_core.executor:Executing jobs using 'parallel' executor
[0.467s] DEBUG:colcon.colcon_parallel_executor.executor.parallel:run_until_complete
[0.468s] INFO:colcon.colcon_ros.task.ament_python.build:Building ROS package in '/home/haritha/ros2_humble_ws/src/mobile_robot_description' with build type 'ament_python'
[0.468s] Level 1:colcon.colcon_core.shell:create_environment_hook('mobile_robot_description', 'ament_prefix_path')
[0.472s] INFO:colcon.colcon_core.plugin_system:Skipping extension 'colcon_core.shell.bat': Not used on non-Windows systems
[0.472s] INFO:colcon.colcon_core.shell:Creating environment hook '/home/haritha/ros2_humble_ws/install/mobile_robot_description/share/mobile_robot_description/hook/ament_prefix_path.ps1'
[0.474s] INFO:colcon.colcon_core.shell:Creating environment descriptor '/home/haritha/ros2_humble_ws/install/mobile_robot_description/share/mobile_robot_description/hook/ament_prefix_path.dsv'
[0.475s] INFO:colcon.colcon_core.shell:Creating environment hook '/home/haritha/ros2_humble_ws/install/mobile_robot_description/share/mobile_robot_description/hook/ament_prefix_path.sh'
[0.476s] INFO:colcon.colcon_core.shell:Skip shell extension 'powershell' for command environment: Not usable outside of PowerShell
[0.476s] DEBUG:colcon.colcon_core.shell:Skip shell extension 'dsv' for command environment
[0.898s] WARNING:colcon.colcon_ros.task.ament_python.build:Package 'mobile_robot_description' doesn't explicitly install a marker in the package index (colcon-ros currently does it implicitly but that fallback will be removed in the future)
[0.899s] INFO:colcon.colcon_core.task.python.build:Building Python package in '/home/haritha/ros2_humble_ws/src/mobile_robot_description'
[0.899s] INFO:colcon.colcon_core.shell:Skip shell extension 'powershell' for command environment: Not usable outside of PowerShell
[0.899s] DEBUG:colcon.colcon_core.shell:Skip shell extension 'dsv' for command environment
[1.529s] DEBUG:colcon.colcon_core.event_handler.log_command:Invoking command in '/home/haritha/ros2_humble_ws/build/mobile_robot_description': PYTHONPATH=/home/haritha/ros2_humble_ws/build/mobile_robot_description/prefix_override:/usr/lib/python3/dist-packages/colcon_core/task/python/colcon_distutils_commands:/home/haritha/ros2_humble_ws/install/mobile_robot_description/lib/python3.10/site-packages:${PYTHONPATH} /usr/bin/python3 -W ignore:setup.py install is deprecated -W ignore:easy_install command is deprecated setup.py develop --uninstall --editable --build-directory /home/haritha/ros2_humble_ws/build/mobile_robot_description/build
[2.184s] DEBUG:colcon.colcon_core.event_handler.log_command:Invoked command in '/home/haritha/ros2_humble_ws/build/mobile_robot_description' returned '0': PYTHONPATH=/home/haritha/ros2_humble_ws/build/mobile_robot_description/prefix_override:/usr/lib/python3/dist-packages/colcon_core/task/python/colcon_distutils_commands:/home/haritha/ros2_humble_ws/install/mobile_robot_description/lib/python3.10/site-packages:${PYTHONPATH} /usr/bin/python3 -W ignore:setup.py install is deprecated -W ignore:easy_install command is deprecated setup.py develop --uninstall --editable --build-directory /home/haritha/ros2_humble_ws/build/mobile_robot_description/build
[2.186s] DEBUG:colcon.colcon_core.event_handler.log_command:Invoking command in '/home/haritha/ros2_humble_ws/src/mobile_robot_description': PYTHONPATH=/home/haritha/ros2_humble_ws/build/mobile_robot_description/prefix_override:/usr/lib/python3/dist-packages/colcon_core/task/python/colcon_distutils_commands:/home/haritha/ros2_humble_ws/install/mobile_robot_description/lib/python3.10/site-packages:${PYTHONPATH} /usr/bin/python3 -W ignore:setup.py install is deprecated -W ignore:easy_install command is deprecated setup.py egg_info --egg-base ../../build/mobile_robot_description build --build-base /home/haritha/ros2_humble_ws/build/mobile_robot_description/build install --record /home/haritha/ros2_humble_ws/build/mobile_robot_description/install.log --single-version-externally-managed install_data --force
[2.608s] DEBUG:colcon.colcon_core.event_handler.log_command:Invoked command in '/home/haritha/ros2_humble_ws/src/mobile_robot_description' returned '0': PYTHONPATH=/home/haritha/ros2_humble_ws/build/mobile_robot_description/prefix_override:/usr/lib/python3/dist-packages/colcon_core/task/python/colcon_distutils_commands:/home/haritha/ros2_humble_ws/install/mobile_robot_description/lib/python3.10/site-packages:${PYTHONPATH} /usr/bin/python3 -W ignore:setup.py install is deprecated -W ignore:easy_install command is deprecated setup.py egg_info --egg-base ../../build/mobile_robot_description build --build-base /home/haritha/ros2_humble_ws/build/mobile_robot_description/build install --record /home/haritha/ros2_humble_ws/build/mobile_robot_description/install.log --single-version-externally-managed install_data --force
[2.611s] Level 1:colcon.colcon_core.environment:checking '/home/haritha/ros2_humble_ws/install/mobile_robot_description' for CMake module files
[2.611s] Level 1:colcon.colcon_core.environment:checking '/home/haritha/ros2_humble_ws/install/mobile_robot_description' for CMake config files
[2.612s] Level 1:colcon.colcon_core.environment:checking '/home/haritha/ros2_humble_ws/install/mobile_robot_description/lib'
[2.613s] Level 1:colcon.colcon_core.environment:checking '/home/haritha/ros2_humble_ws/install/mobile_robot_description/bin'
[2.613s] Level 1:colcon.colcon_core.environment:checking '/home/haritha/ros2_humble_ws/install/mobile_robot_description/lib/pkgconfig/mobile_robot_description.pc'
[2.613s] Level 1:colcon.colcon_core.environment:checking '/home/haritha/ros2_humble_ws/install/mobile_robot_description/lib/python3.10/site-packages'
[2.613s] Level 1:colcon.colcon_core.shell:create_environment_hook('mobile_robot_description', 'pythonpath')
[2.614s] INFO:colcon.colcon_core.shell:Creating environment hook '/home/haritha/ros2_humble_ws/install/mobile_robot_description/share/mobile_robot_description/hook/pythonpath.ps1'
[2.614s] INFO:colcon.colcon_core.shell:Creating environment descriptor '/home/haritha/ros2_humble_ws/install/mobile_robot_description/share/mobile_robot_description/hook/pythonpath.dsv'
[2.615s] INFO:colcon.colcon_core.shell:Creating environment hook '/home/haritha/ros2_humble_ws/install/mobile_robot_description/share/mobile_robot_description/hook/pythonpath.sh'
[2.616s] Level 1:colcon.colcon_core.environment:checking '/home/haritha/ros2_humble_ws/install/mobile_robot_description/bin'
[2.616s] Level 1:colcon.colcon_core.environment:create_environment_scripts_only(mobile_robot_description)
[2.616s] INFO:colcon.colcon_core.shell:Creating package script '/home/haritha/ros2_humble_ws/install/mobile_robot_description/share/mobile_robot_description/package.ps1'
[2.618s] INFO:colcon.colcon_core.shell:Creating package descriptor '/home/haritha/ros2_humble_ws/install/mobile_robot_description/share/mobile_robot_description/package.dsv'
[2.619s] INFO:colcon.colcon_core.shell:Creating package script '/home/haritha/ros2_humble_ws/install/mobile_robot_description/share/mobile_robot_description/package.sh'
[2.620s] INFO:colcon.colcon_core.shell:Creating package script '/home/haritha/ros2_humble_ws/install/mobile_robot_description/share/mobile_robot_description/package.bash'
[2.621s] INFO:colcon.colcon_core.shell:Creating package script '/home/haritha/ros2_humble_ws/install/mobile_robot_description/share/mobile_robot_description/package.zsh'
[2.622s] Level 1:colcon.colcon_core.environment:create_file_with_runtime_dependencies(/home/haritha/ros2_humble_ws/install/mobile_robot_description/share/colcon-core/packages/mobile_robot_description)
[2.622s] DEBUG:colcon.colcon_parallel_executor.executor.parallel:closing loop
[2.623s] DEBUG:colcon.colcon_parallel_executor.executor.parallel:loop closed
[2.623s] DEBUG:colcon.colcon_parallel_executor.executor.parallel:run_until_complete finished with '0'
[2.623s] DEBUG:colcon.colcon_core.event_reactor:joining thread
[2.630s] INFO:colcon.colcon_core.plugin_system:Skipping extension 'colcon_notification.desktop_notification.terminal_notifier': Not used on non-Darwin systems
[2.631s] INFO:colcon.colcon_core.plugin_system:Skipping extension 'colcon_notification.desktop_notification.win32': Not used on non-Windows systems
[2.631s] INFO:colcon.colcon_notification.desktop_notification:Sending desktop notification using 'notify2'
[2.647s] DEBUG:colcon.colcon_core.event_reactor:joined thread
[2.647s] INFO:colcon.colcon_core.shell:Creating prefix script '/home/haritha/ros2_humble_ws/install/local_setup.ps1'
[2.649s] INFO:colcon.colcon_core.shell:Creating prefix util module '/home/haritha/ros2_humble_ws/install/_local_setup_util_ps1.py'
[2.652s] INFO:colcon.colcon_core.shell:Creating prefix chain script '/home/haritha/ros2_humble_ws/install/setup.ps1'
[2.654s] INFO:colcon.colcon_core.shell:Creating prefix script '/home/haritha/ros2_humble_ws/install/local_setup.sh'
[2.655s] INFO:colcon.colcon_core.shell:Creating prefix util module '/home/haritha/ros2_humble_ws/install/_local_setup_util_sh.py'
[2.656s] INFO:colcon.colcon_core.shell:Creating prefix chain script '/home/haritha/ros2_humble_ws/install/setup.sh'
[2.658s] INFO:colcon.colcon_core.shell:Creating prefix script '/home/haritha/ros2_humble_ws/install/local_setup.bash'
[2.659s] INFO:colcon.colcon_core.shell:Creating prefix chain script '/home/haritha/ros2_humble_ws/install/setup.bash'
[2.660s] INFO:colcon.colcon_core.shell:Creating prefix script '/home/haritha/ros2_humble_ws/install/local_setup.zsh'
[2.661s] INFO:colcon.colcon_core.shell:Creating prefix chain script '/home/haritha/ros2_humble_ws/install/setup.zsh'
