[1.865s] Invoking command in '/home/haritha/ros2_humble_ws/build/mobile_robot_description': PYTHONPATH=/home/haritha/ros2_humble_ws/build/mobile_robot_description/prefix_override:/usr/lib/python3/dist-packages/colcon_core/task/python/colcon_distutils_commands:/home/haritha/ros2_humble_ws/install/mobile_robot_description/lib/python3.10/site-packages:${PYTHONPATH} /usr/bin/python3 -W ignore:setup.py install is deprecated -W ignore:easy_install command is deprecated setup.py develop --uninstall --editable --build-directory /home/haritha/ros2_humble_ws/build/mobile_robot_description/build
[2.544s] running develop
[3.040s] Removing /home/haritha/ros2_humble_ws/install/mobile_robot_description/lib/python3.10/site-packages/mobile-robot-description.egg-link (link to .)
[3.110s] Invoked command in '/home/haritha/ros2_humble_ws/build/mobile_robot_description' returned '0': PYTHONPATH=/home/haritha/ros2_humble_ws/build/mobile_robot_description/prefix_override:/usr/lib/python3/dist-packages/colcon_core/task/python/colcon_distutils_commands:/home/haritha/ros2_humble_ws/install/mobile_robot_description/lib/python3.10/site-packages:${PYTHONPATH} /usr/bin/python3 -W ignore:setup.py install is deprecated -W ignore:easy_install command is deprecated setup.py develop --uninstall --editable --build-directory /home/haritha/ros2_humble_ws/build/mobile_robot_description/build
[3.113s] Invoking command in '/home/haritha/ros2_humble_ws/src/mobile_robot_description': PYTHONPATH=/home/haritha/ros2_humble_ws/build/mobile_robot_description/prefix_override:/usr/lib/python3/dist-packages/colcon_core/task/python/colcon_distutils_commands:/home/haritha/ros2_humble_ws/install/mobile_robot_description/lib/python3.10/site-packages:${PYTHONPATH} /usr/bin/python3 -W ignore:setup.py install is deprecated -W ignore:easy_install command is deprecated setup.py egg_info --egg-base ../../build/mobile_robot_description build --build-base /home/haritha/ros2_humble_ws/build/mobile_robot_description/build install --record /home/haritha/ros2_humble_ws/build/mobile_robot_description/install.log --single-version-externally-managed install_data --force
[3.819s] running egg_info
[3.821s] writing ../../build/mobile_robot_description/mobile_robot_description.egg-info/PKG-INFO
[3.822s] writing dependency_links to ../../build/mobile_robot_description/mobile_robot_description.egg-info/dependency_links.txt
[3.822s] writing requirements to ../../build/mobile_robot_description/mobile_robot_description.egg-info/requires.txt
[3.822s] writing top-level names to ../../build/mobile_robot_description/mobile_robot_description.egg-info/top_level.txt
[3.824s] reading manifest file '../../build/mobile_robot_description/mobile_robot_description.egg-info/SOURCES.txt'
[3.827s] writing manifest file '../../build/mobile_robot_description/mobile_robot_description.egg-info/SOURCES.txt'
[3.828s] running build
[3.828s] running install
[3.829s] running install_data
[3.829s] copying package.xml -> /home/haritha/ros2_humble_ws/install/mobile_robot_description/share/mobile_robot_description
[3.830s] copying launch/spawn_robot.launch.py -> /home/haritha/ros2_humble_ws/install/mobile_robot_description/share/mobile_robot_description/launch
[3.830s] copying launch/display.launch.py -> /home/haritha/ros2_humble_ws/install/mobile_robot_description/share/mobile_robot_description/launch
[3.831s] copying launch/gazebo.launch.py -> /home/haritha/ros2_humble_ws/install/mobile_robot_description/share/mobile_robot_description/launch
[3.831s] copying urdf/mobile_base.urdf.xacro -> /home/haritha/ros2_humble_ws/install/mobile_robot_description/share/mobile_robot_description/urdf
[3.832s] running install_egg_info
[3.837s] Copying ../../build/mobile_robot_description/mobile_robot_description.egg-info to /home/haritha/ros2_humble_ws/install/mobile_robot_description/lib/python3.10/site-packages/mobile_robot_description-0.0.1-py3.10.egg-info
[3.838s] running install_scripts
[3.892s] writing list of installed files to '/home/haritha/ros2_humble_ws/build/mobile_robot_description/install.log'
[3.943s] Invoked command in '/home/haritha/ros2_humble_ws/src/mobile_robot_description' returned '0': PYTHONPATH=/home/haritha/ros2_humble_ws/build/mobile_robot_description/prefix_override:/usr/lib/python3/dist-packages/colcon_core/task/python/colcon_distutils_commands:/home/haritha/ros2_humble_ws/install/mobile_robot_description/lib/python3.10/site-packages:${PYTHONPATH} /usr/bin/python3 -W ignore:setup.py install is deprecated -W ignore:easy_install command is deprecated setup.py egg_info --egg-base ../../build/mobile_robot_description build --build-base /home/haritha/ros2_humble_ws/build/mobile_robot_description/build install --record /home/haritha/ros2_humble_ws/build/mobile_robot_description/install.log --single-version-externally-managed install_data --force
